[debug] [2024-08-20T02:54:36.837Z] ----------------------------------------------------------------------
[debug] [2024-08-20T02:54:36.840Z] Command:       C:\Program Files\nodejs\node.exe C:\Users\HP\AppData\Roaming\npm\node_modules\firebase-tools\lib\bin\firebase.js init
[debug] [2024-08-20T02:54:36.841Z] CLI Version:   13.15.2
[debug] [2024-08-20T02:54:36.841Z] Platform:      win32
[debug] [2024-08-20T02:54:36.842Z] Node Version:  v19.8.1
[debug] [2024-08-20T02:54:36.842Z] Time:          Tue Aug 20 2024 02:54:36 GMT+0000 (heure moyenne de Greenwich)
[debug] [2024-08-20T02:54:36.842Z] ----------------------------------------------------------------------
[debug] 
[debug] [2024-08-20T02:54:36.854Z] > command requires scopes: ["email","openid","https://www.googleapis.com/auth/cloudplatformprojects.readonly","https://www.googleapis.com/auth/firebase","https://www.googleapis.com/auth/cloud-platform"]
[debug] [2024-08-20T02:54:36.854Z] > authorizing via signed-in user (sentinelle.dev@gmail.com)
[info] 
     ######## #### ########  ######## ########     ###     ######  ########
     ##        ##  ##     ## ##       ##     ##  ##   ##  ##       ##
     ######    ##  ########  ######   ########  #########  ######  ######
     ##        ##  ##    ##  ##       ##     ## ##     ##       ## ##
     ##       #### ##     ## ######## ########  ##     ##  ######  ########

You're about to initialize a Firebase project in this directory:

  C:\Users\HP\Desktop\Projet_personnel\SENTINELLE\WebSite\all_website\SahelPolitica\sahel-politica

[info] 
=== Project Setup
[info] 
[info] First, let's associate this project directory with a Firebase project.
[info] You can create multiple project aliases by running firebase use --add, 
[info] but for now we'll just set up a default project.
[info] 
[debug] [2024-08-20T02:55:05.928Z] > refreshing access token with scopes: []
[debug] [2024-08-20T02:55:05.931Z] >>> [apiv2][query] POST https://www.googleapis.com/oauth2/v3/token [none]
[debug] [2024-08-20T02:55:05.931Z] >>> [apiv2][body] POST https://www.googleapis.com/oauth2/v3/token [omitted]
[debug] [2024-08-20T02:55:06.849Z] <<< [apiv2][status] POST https://www.googleapis.com/oauth2/v3/token 200
[debug] [2024-08-20T02:55:06.849Z] <<< [apiv2][body] POST https://www.googleapis.com/oauth2/v3/token [omitted]
[debug] [2024-08-20T02:55:06.862Z] >>> [apiv2][query] GET https://firebase.googleapis.com/v1beta1/projects pageSize=100
[debug] [2024-08-20T02:55:07.999Z] <<< [apiv2][status] GET https://firebase.googleapis.com/v1beta1/projects 200
[debug] [2024-08-20T02:55:07.999Z] <<< [apiv2][body] GET https://firebase.googleapis.com/v1beta1/projects [omitted]
[info] i  Using project sahelpolitica (SahelPolitica) 
[info] 
=== Hosting Setup
[debug] [2024-08-20T02:55:14.747Z] >>> [apiv2][query] GET https://firebase.googleapis.com/v1beta1/projects/sahelpolitica [none]
[debug] [2024-08-20T02:55:15.695Z] <<< [apiv2][status] GET https://firebase.googleapis.com/v1beta1/projects/sahelpolitica 200
[debug] [2024-08-20T02:55:15.696Z] <<< [apiv2][body] GET https://firebase.googleapis.com/v1beta1/projects/sahelpolitica {"projectId":"sahelpolitica","projectNumber":"11417703739","displayName":"SahelPolitica","name":"projects/sahelpolitica","resources":{"hostingSite":"sahelpolitica","storageBucket":"sahelpolitica.appspot.com","locationId":"europe-west"},"state":"ACTIVE","etag":"1_26162f27-f57a-41d8-b9c6-54a74beace1d"}
[info] 
[info] Your public directory is the folder (relative to your project directory) that
[info] will contain Hosting assets to be uploaded with firebase deploy. If you
[info] have a build process for your assets, use your build's output directory.
[info] 
